2019/01/23 22:42:45 - INFO - Thread[7648] - function __init__() in file:client.py @lineno 17 runing.
2019/01/23 22:42:45 - INFO - Thread[7648] - function __start_client() in file:client.py @lineno 35 runing.
2019/01/23 22:42:54 - INFO - Thread[7648] - function __get_connected() in file:client.py @lineno 23 runing.
2019/01/23 22:42:54 - INFO - Thread[7648] - function __get_connected() in file:client.py @lineno 23 done.
2019/01/23 22:42:54 - INFO - Thread[7648] - function __send_msg() in file:client.py @lineno 28 runing.
2019/01/23 22:42:54 - INFO - Thread[7648] - function __send_msg() in file:client.py @lineno 28 done.
2019/01/23 22:42:58 - INFO - Thread[7648] - function __get_connected() in file:client.py @lineno 23 runing.
2019/01/23 22:42:58 - INFO - Thread[7648] - function __get_connected() in file:client.py @lineno 23 done.
2019/01/23 22:42:58 - INFO - Thread[7648] - function __send_msg() in file:client.py @lineno 28 runing.
2019/01/23 22:42:58 - INFO - Thread[7648] - function __send_msg() in file:client.py @lineno 28 done.
2019/01/23 22:43:00 - INFO - Thread[7648] - function __get_connected() in file:client.py @lineno 23 runing.
2019/01/23 22:43:00 - INFO - Thread[7648] - function __get_connected() in file:client.py @lineno 23 done.
2019/01/23 22:43:00 - INFO - Thread[7648] - function __send_msg() in file:client.py @lineno 28 runing.
2019/01/23 22:43:00 - INFO - Thread[7648] - function __send_msg() in file:client.py @lineno 28 done.
2019/01/23 22:43:02 - INFO - Thread[7648] - function __get_connected() in file:client.py @lineno 23 runing.
2019/01/23 22:43:02 - INFO - Thread[7648] - function __get_connected() in file:client.py @lineno 23 done.
2019/01/23 22:43:02 - INFO - Thread[7648] - function __send_msg() in file:client.py @lineno 28 runing.
2019/01/23 22:43:02 - INFO - Thread[7648] - function __send_msg() in file:client.py @lineno 28 done.
2019/01/23 22:43:04 - INFO - Thread[7648] - function __get_connected() in file:client.py @lineno 23 runing.
2019/01/23 22:43:04 - INFO - Thread[7648] - function __get_connected() in file:client.py @lineno 23 done.
2019/01/23 22:43:04 - INFO - Thread[7648] - function __send_msg() in file:client.py @lineno 28 runing.
2019/01/23 22:43:04 - INFO - Thread[7648] - function __send_msg() in file:client.py @lineno 28 done.
2019/01/23 22:43:05 - INFO - Thread[7648] - function __get_connected() in file:client.py @lineno 23 runing.
2019/01/23 22:43:05 - INFO - Thread[7648] - function __get_connected() in file:client.py @lineno 23 done.
2019/01/23 22:43:05 - INFO - Thread[7648] - function __send_msg() in file:client.py @lineno 28 runing.
2019/01/23 22:43:05 - INFO - Thread[7648] - function __send_msg() in file:client.py @lineno 28 done.
2019/01/23 22:43:06 - INFO - Thread[7648] - function __get_connected() in file:client.py @lineno 23 runing.
2019/01/23 22:43:06 - INFO - Thread[7648] - function __get_connected() in file:client.py @lineno 23 done.
2019/01/23 22:43:06 - INFO - Thread[7648] - function __send_msg() in file:client.py @lineno 28 runing.
2019/01/23 22:43:06 - INFO - Thread[7648] - function __send_msg() in file:client.py @lineno 28 done.
2019/01/23 22:43:08 - INFO - Thread[7648] - function __get_connected() in file:client.py @lineno 23 runing.
2019/01/23 22:43:08 - INFO - Thread[7648] - function __get_connected() in file:client.py @lineno 23 done.
2019/01/23 22:43:08 - INFO - Thread[7648] - function __send_msg() in file:client.py @lineno 28 runing.
2019/01/23 22:43:08 - INFO - Thread[7648] - function __send_msg() in file:client.py @lineno 28 done.
2019/01/23 22:43:09 - INFO - Thread[7648] - function __get_connected() in file:client.py @lineno 23 runing.
2019/01/23 22:43:09 - INFO - Thread[7648] - function __get_connected() in file:client.py @lineno 23 done.
2019/01/23 22:43:09 - INFO - Thread[7648] - function __send_msg() in file:client.py @lineno 28 runing.
2019/01/23 22:43:09 - INFO - Thread[7648] - function __send_msg() in file:client.py @lineno 28 done.
2019/01/23 22:43:11 - INFO - Thread[7648] - function __get_connected() in file:client.py @lineno 23 runing.
2019/01/23 22:43:11 - INFO - Thread[7648] - function __get_connected() in file:client.py @lineno 23 done.
2019/01/23 22:43:11 - INFO - Thread[7648] - function __send_msg() in file:client.py @lineno 28 runing.
2019/01/23 22:43:11 - INFO - Thread[7648] - function __send_msg() in file:client.py @lineno 28 done.
2019/01/23 22:43:12 - INFO - Thread[7648] - function __get_connected() in file:client.py @lineno 23 runing.
2019/01/23 22:43:12 - INFO - Thread[7648] - function __get_connected() in file:client.py @lineno 23 done.
2019/01/23 22:43:12 - INFO - Thread[7648] - function __send_msg() in file:client.py @lineno 28 runing.
2019/01/23 22:43:12 - INFO - Thread[7648] - function __send_msg() in file:client.py @lineno 28 done.
2019/01/23 22:43:14 - INFO - Thread[7648] - function __get_connected() in file:client.py @lineno 23 runing.
2019/01/23 22:43:14 - INFO - Thread[7648] - function __get_connected() in file:client.py @lineno 23 done.
2019/01/23 22:43:14 - INFO - Thread[7648] - function __send_msg() in file:client.py @lineno 28 runing.
2019/01/23 22:43:14 - INFO - Thread[7648] - function __send_msg() in file:client.py @lineno 28 done.
2019/01/23 22:43:15 - INFO - Thread[7648] - function __start_client() in file:client.py @lineno 35 done.
2019/01/23 22:43:15 - INFO - Thread[7648] - function __init__() in file:client.py @lineno 17 done.
