2019/01/23 22:42:27 - INFO - Thread[6520] - function __init__() in file:server.py @lineno 17 runing.
2019/01/23 22:42:27 - INFO - Thread[6520] - function __get_local_host() in file:server.py @lineno 23 runing.
2019/01/23 22:42:27 - INFO - Thread[6520] - function __get_local_host() in file:server.py @lineno 23 done.
2019/01/23 22:42:27 - INFO - Thread[6520] - function __bind_host() in file:server.py @lineno 30 runing.
2019/01/23 22:42:27 - INFO - Thread[6520] - function __bind_host() in file:server.py @lineno 30 done.
2019/01/23 22:42:27 - INFO - Thread[6520] - function __start_server() in file:server.py @lineno 37 runing.
2019/01/23 22:42:54 - INFO - Thread[7552] - function __handel_client() in file:server.py @lineno 45 runing.
2019/01/23 22:42:54 - INFO - Thread[7552] - function __handel_client() in file:server.py @lineno 45 done.
2019/01/23 22:42:58 - INFO - Thread[7744] - function __handel_client() in file:server.py @lineno 45 runing.
2019/01/23 22:42:58 - INFO - Thread[7744] - function __handel_client() in file:server.py @lineno 45 done.
2019/01/23 22:43:00 - INFO - Thread[8020] - function __handel_client() in file:server.py @lineno 45 runing.
2019/01/23 22:43:00 - INFO - Thread[8020] - function __handel_client() in file:server.py @lineno 45 done.
2019/01/23 22:43:02 - INFO - Thread[6552] - function __handel_client() in file:server.py @lineno 45 runing.
2019/01/23 22:43:02 - INFO - Thread[6552] - function __handel_client() in file:server.py @lineno 45 done.
2019/01/23 22:43:04 - INFO - Thread[6196] - function __handel_client() in file:server.py @lineno 45 runing.
2019/01/23 22:43:04 - INFO - Thread[6196] - function __handel_client() in file:server.py @lineno 45 done.
2019/01/23 22:43:05 - INFO - Thread[3640] - function __handel_client() in file:server.py @lineno 45 runing.
2019/01/23 22:43:05 - INFO - Thread[3640] - function __handel_client() in file:server.py @lineno 45 done.
2019/01/23 22:43:06 - INFO - Thread[5872] - function __handel_client() in file:server.py @lineno 45 runing.
2019/01/23 22:43:06 - INFO - Thread[5872] - function __handel_client() in file:server.py @lineno 45 done.
2019/01/23 22:43:08 - INFO - Thread[2900] - function __handel_client() in file:server.py @lineno 45 runing.
2019/01/23 22:43:08 - INFO - Thread[2900] - function __handel_client() in file:server.py @lineno 45 done.
2019/01/23 22:43:09 - INFO - Thread[5036] - function __handel_client() in file:server.py @lineno 45 runing.
2019/01/23 22:43:09 - INFO - Thread[5036] - function __handel_client() in file:server.py @lineno 45 done.
2019/01/23 22:43:11 - INFO - Thread[7556] - function __handel_client() in file:server.py @lineno 45 runing.
2019/01/23 22:43:11 - INFO - Thread[7556] - function __handel_client() in file:server.py @lineno 45 done.
2019/01/23 22:43:12 - INFO - Thread[5716] - function __handel_client() in file:server.py @lineno 45 runing.
2019/01/23 22:43:12 - INFO - Thread[5716] - function __handel_client() in file:server.py @lineno 45 done.
2019/01/23 22:43:14 - INFO - Thread[6960] - function __handel_client() in file:server.py @lineno 45 runing.
2019/01/23 22:43:14 - INFO - Thread[6960] - function __handel_client() in file:server.py @lineno 45 done.
